  GBNRdtReceiver.cpp
  GBNRdtSender.cpp
  SRReceiver.cpp
  SRSender.cpp
  stdafx.cpp
  main.cpp
  TCPReceiver.cpp
  TCPSender.cpp
netsimlib.lib(DataStructure.obj) : error LNK2038: 检测到“_ITERATOR_DEBUG_LEVEL”的不匹配项: 值“2”不匹配值“0”(GBNRdtReceiver.obj 中)
netsimlib.lib(DataStructure.obj) : error LNK2038: 检测到“RuntimeLibrary”的不匹配项: 值“MDd_DynamicDebug”不匹配值“MD_DynamicRelease”(GBNRdtReceiver.obj 中)
netsimlib.lib(DataStructure.obj) : warning LNK4075: 忽略“/EDITANDCONTINUE”(由于“/OPT:ICF”规范)
netsimlib.lib(NetworkServiceSimulator.obj) : error LNK2038: 检测到“_ITERATOR_DEBUG_LEVEL”的不匹配项: 值“2”不匹配值“0”(GBNRdtReceiver.obj 中)
netsimlib.lib(NetworkServiceSimulator.obj) : error LNK2038: 检测到“RuntimeLibrary”的不匹配项: 值“MDd_DynamicDebug”不匹配值“MD_DynamicRelease”(GBNRdtReceiver.obj 中)
netsimlib.lib(stdafx.obj) : error LNK2038: 检测到“_ITERATOR_DEBUG_LEVEL”的不匹配项: 值“2”不匹配值“0”(GBNRdtReceiver.obj 中)
netsimlib.lib(stdafx.obj) : error LNK2038: 检测到“RuntimeLibrary”的不匹配项: 值“MDd_DynamicDebug”不匹配值“MD_DynamicRelease”(GBNRdtReceiver.obj 中)
netsimlib.lib(Utils.obj) : error LNK2038: 检测到“_ITERATOR_DEBUG_LEVEL”的不匹配项: 值“2”不匹配值“0”(GBNRdtReceiver.obj 中)
netsimlib.lib(Utils.obj) : error LNK2038: 检测到“RuntimeLibrary”的不匹配项: 值“MDd_DynamicDebug”不匹配值“MD_DynamicRelease”(GBNRdtReceiver.obj 中)
netsimlib.lib(RandomEvent.obj) : error LNK2038: 检测到“_ITERATOR_DEBUG_LEVEL”的不匹配项: 值“2”不匹配值“0”(GBNRdtReceiver.obj 中)
netsimlib.lib(RandomEvent.obj) : error LNK2038: 检测到“RuntimeLibrary”的不匹配项: 值“MDd_DynamicDebug”不匹配值“MD_DynamicRelease”(GBNRdtReceiver.obj 中)
netsimlib.lib(RandomEventList.obj) : error LNK2038: 检测到“_ITERATOR_DEBUG_LEVEL”的不匹配项: 值“2”不匹配值“0”(GBNRdtReceiver.obj 中)
netsimlib.lib(RandomEventList.obj) : error LNK2038: 检测到“RuntimeLibrary”的不匹配项: 值“MDd_DynamicDebug”不匹配值“MD_DynamicRelease”(GBNRdtReceiver.obj 中)
netsimlib.lib(FileAppMessageFeeder.obj) : error LNK2038: 检测到“_ITERATOR_DEBUG_LEVEL”的不匹配项: 值“2”不匹配值“0”(GBNRdtReceiver.obj 中)
netsimlib.lib(FileAppMessageFeeder.obj) : error LNK2038: 检测到“RuntimeLibrary”的不匹配项: 值“MDd_DynamicDebug”不匹配值“MD_DynamicRelease”(GBNRdtReceiver.obj 中)
netsimlib.lib(FileAppMessageWriter.obj) : error LNK2038: 检测到“_ITERATOR_DEBUG_LEVEL”的不匹配项: 值“2”不匹配值“0”(GBNRdtReceiver.obj 中)
netsimlib.lib(FileAppMessageWriter.obj) : error LNK2038: 检测到“RuntimeLibrary”的不匹配项: 值“MDd_DynamicDebug”不匹配值“MD_DynamicRelease”(GBNRdtReceiver.obj 中)
netsimlib.lib(NetworkServiceConfiguration.obj) : error LNK2038: 检测到“_ITERATOR_DEBUG_LEVEL”的不匹配项: 值“2”不匹配值“0”(GBNRdtReceiver.obj 中)
netsimlib.lib(NetworkServiceConfiguration.obj) : error LNK2038: 检测到“RuntimeLibrary”的不匹配项: 值“MDd_DynamicDebug”不匹配值“MD_DynamicRelease”(GBNRdtReceiver.obj 中)
LINK : warning LNK4098: 默认库“MSVCRTD”与其他库的使用冲突；请使用 /NODEFAULTLIB:library
netsimlib.lib(NetworkServiceSimulator.obj) : error LNK2001: 无法解析的外部符号 __imp___invalid_parameter
netsimlib.lib(FileAppMessageFeeder.obj) : error LNK2001: 无法解析的外部符号 __imp___invalid_parameter
netsimlib.lib(FileAppMessageWriter.obj) : error LNK2001: 无法解析的外部符号 __imp___invalid_parameter
netsimlib.lib(NetworkServiceSimulator.obj) : error LNK2001: 无法解析的外部符号 __imp___CrtDbgReport
netsimlib.lib(FileAppMessageFeeder.obj) : error LNK2001: 无法解析的外部符号 __imp___CrtDbgReport
netsimlib.lib(FileAppMessageWriter.obj) : error LNK2001: 无法解析的外部符号 __imp___CrtDbgReport
C:\Users\ypzhang\Desktop\U201714481\exp2\U201714481_2\Release\U201714481_2.exe : fatal error LNK1120: 2 个无法解析的外部命令
