c:\users\ypzhang\desktop\u201714481\exp2\u201714481_2\u201714481_2\debug\vc141.pdb
c:\users\ypzhang\desktop\u201714481\exp2\u201714481_2\u201714481_2\debug\vc141.idb
c:\users\ypzhang\desktop\u201714481\exp2\u201714481_2\u201714481_2\debug\gbnrdtreceiver.sbr
c:\users\ypzhang\desktop\u201714481\exp2\u201714481_2\u201714481_2\debug\gbnrdtsender.sbr
c:\users\ypzhang\desktop\u201714481\exp2\u201714481_2\u201714481_2\debug\srreceiver.sbr
c:\users\ypzhang\desktop\u201714481\exp2\u201714481_2\u201714481_2\debug\srsender.sbr
c:\users\ypzhang\desktop\u201714481\exp2\u201714481_2\u201714481_2\debug\stdafx.sbr
c:\users\ypzhang\desktop\u201714481\exp2\u201714481_2\u201714481_2\debug\main.sbr
c:\users\ypzhang\desktop\u201714481\exp2\u201714481_2\u201714481_2\debug\tcpreceiver.sbr
c:\users\ypzhang\desktop\u201714481\exp2\u201714481_2\u201714481_2\debug\tcpsender.sbr
c:\users\ypzhang\desktop\u201714481\exp2\u201714481_2\u201714481_2\debug\tcpsender.obj
c:\users\ypzhang\desktop\u201714481\exp2\u201714481_2\u201714481_2\debug\tcpreceiver.obj
c:\users\ypzhang\desktop\u201714481\exp2\u201714481_2\u201714481_2\debug\main.obj
c:\users\ypzhang\desktop\u201714481\exp2\u201714481_2\u201714481_2\debug\stdafx.obj
c:\users\ypzhang\desktop\u201714481\exp2\u201714481_2\u201714481_2\debug\srsender.obj
c:\users\ypzhang\desktop\u201714481\exp2\u201714481_2\u201714481_2\debug\srreceiver.obj
c:\users\ypzhang\desktop\u201714481\exp2\u201714481_2\u201714481_2\debug\gbnrdtsender.obj
c:\users\ypzhang\desktop\u201714481\exp2\u201714481_2\u201714481_2\debug\gbnrdtreceiver.obj
c:\users\ypzhang\desktop\u201714481\exp2\u201714481_2\debug\u201714481_2.ilk
c:\users\ypzhang\desktop\u201714481\exp2\u201714481_2\debug\u201714481_2.exe
c:\users\ypzhang\desktop\u201714481\exp2\u201714481_2\debug\u201714481_2.pdb
c:\users\ypzhang\desktop\u201714481\exp2\u201714481_2\debug\u201714481_2.bsc
c:\users\ypzhang\desktop\u201714481\exp2\u201714481_2\u201714481_2\debug\u201714481_2.tlog\bscmake.command.1.tlog
c:\users\ypzhang\desktop\u201714481\exp2\u201714481_2\u201714481_2\debug\u201714481_2.tlog\bscmake.read.1.tlog
c:\users\ypzhang\desktop\u201714481\exp2\u201714481_2\u201714481_2\debug\u201714481_2.tlog\cl.command.1.tlog
c:\users\ypzhang\desktop\u201714481\exp2\u201714481_2\u201714481_2\debug\u201714481_2.tlog\cl.read.1.tlog
c:\users\ypzhang\desktop\u201714481\exp2\u201714481_2\u201714481_2\debug\u201714481_2.tlog\cl.write.1.tlog
c:\users\ypzhang\desktop\u201714481\exp2\u201714481_2\u201714481_2\debug\u201714481_2.tlog\link.command.1.tlog
c:\users\ypzhang\desktop\u201714481\exp2\u201714481_2\u201714481_2\debug\u201714481_2.tlog\link.read.1.tlog
c:\users\ypzhang\desktop\u201714481\exp2\u201714481_2\u201714481_2\debug\u201714481_2.tlog\link.write.1.tlog
